<?xml version="1.0" encoding="UTF-8"?>
<!-- Generated by org.testng.reporters.JUnitReportReporter -->
<testsuite hostname="LAPTOP-7JF9T3JP" failures="0" tests="1" name="testCases.TC_002_LoginTest" time="1.905" errors="0" timestamp="2024-01-15T20:08:39 IST" skipped="0">
  <testcase classname="testCases.TC_002_LoginTest" name="verify_login" time="1.905"/>
  <system-out/>
</testsuite> <!-- testCases.TC_002_LoginTest -->
