<?xml version="1.0" encoding="UTF-8"?>
<!-- Generated by org.testng.reporters.JUnitReportReporter -->
<testsuite hostname="LAPTOP-7JF9T3JP" failures="0" tests="1" name="testCases.TC_001_AccountRegistrationTest" time="4.199" errors="0" timestamp="2024-01-15T20:08:39 IST" skipped="0">
  <testcase classname="testCases.TC_001_AccountRegistrationTest" name="verify_account_registration" time="4.199"/>
  <system-out/>
</testsuite> <!-- testCases.TC_001_AccountRegistrationTest -->
